<?xml version="1.0" encoding="UTF-8"?>
<!-- Generated by org.testng.reporters.JUnitReportReporter -->
<testsuite hostname="Mithuns-Mac.local" failures="0" tests="2" name="demo.TestNgzDemo" time="70.005" errors="0" timestamp="2023-08-19T00:19:12 IST" skipped="0">
  <testcase classname="demo.TestNgzDemo" name="search2" time="27.402"/>
  <system-out/>
  <testcase classname="demo.TestNgzDemo" name="search" time="42.603"/>
  <system-out/>
</testsuite> <!-- demo.TestNgzDemo -->
